#
# A fatal error has been detected by the Java Runtime Environment:
#
#  EXCEPTION_ACCESS_VIOLATION (0xc0000005) at pc=0x00007ffd68e2cac8, pid=23140, tid=300
#
# JRE version: OpenJDK Runtime Environment Temurin-17.0.10+7 (17.0.10+7) (build 17.0.10+7)
# Java VM: OpenJDK 64-Bit Server VM Temurin-17.0.10+7 (17.0.10+7, mixed mode, tiered, compressed oops, compressed class ptrs, parallel gc, windows-amd64)
# Problematic frame:
# V  [jvm.dll+0xcac8]
#
# No core dump will be written. Minidumps are not enabled by default on client versions of Windows
#
# If you would like to submit a bug report, please visit:
#   https://github.com/adoptium/adoptium-support/issues
#

---------------  S U M M A R Y ------------

Command Line: --add-modules=ALL-SYSTEM --add-opens=java.base/java.util=ALL-UNNAMED --add-opens=java.base/java.lang=ALL-UNNAMED --add-opens=java.base/sun.nio.fs=ALL-UNNAMED -Declipse.application=org.eclipse.jdt.ls.core.id1 -Dosgi.bundles.defaultStartLevel=4 -Declipse.product=org.eclipse.jdt.ls.core.product -Djava.import.generatesMetadataFilesAtProjectRoot=false -DDetectVMInstallationsJob.disabled=true -Dfile.encoding=utf8 -XX:+UseParallelGC -XX:GCTimeRatio=4 -XX:AdaptiveSizePolicyWeight=90 -Dsun.zip.disableMemoryMapping=true -Xmx1G -Xms100m -Xlog:disable -javaagent:c:\Users\u607249\.vscode\extensions\redhat.java-1.30.0-win32-x64\lombok\lombok-1.18.32.jar -XX:+HeapDumpOnOutOfMemoryError -XX:HeapDumpPath=c:\Users\u607249\AppData\Roaming\Code\User\workspaceStorage\fb891649114358f515b12e32b5fa9115\redhat.java -Daether.dependencyCollector.impl=bf c:\Users\u607249\.vscode\extensions\redhat.java-1.30.0-win32-x64\server\plugins\org.eclipse.equinox.launcher_1.6.800.v20240330-1250.jar -configuration c:\Users\u607249\AppData\Roaming\Code\User\globalStorage\redhat.java\1.30.0\config_win -data c:\Users\u607249\AppData\Roaming\Code\User\workspaceStorage\fb891649114358f515b12e32b5fa9115\redhat.java\jdt_ws --pipe=\\.\pipe\lsp-3bc0e4490dde1ba0b4801ee55055130d-sock

Host: Intel(R) Core(TM) i5-10310U CPU @ 1.70GHz, 8 cores, 15G,  Windows 10 , 64 bit Build 19041 (10.0.19041.3636)
Time: Sun May  5 15:57:02 2024 Hora estándar de Argentina elapsed time: 6712.276346 seconds (0d 1h 51m 52s)

---------------  T H R E A D  ---------------

Current thread (0x00000149e21c11a0):  GCTaskThread "GC Thread#1" [stack: 0x0000001adc400000,0x0000001adc500000] [id=300]

Stack: [0x0000001adc400000,0x0000001adc500000],  sp=0x0000001adc4ff7f8,  free space=1021k
Native frames: (J=compiled Java code, j=interpreted, Vv=VM code, C=native code)
V  [jvm.dll+0xcac8]


siginfo: EXCEPTION_ACCESS_VIOLATION (0xc0000005), reading address 0x00000000032803a8


Registers:
RAX=0x0000000000000001, RBX=0x0049002f006d0065, RCX=0x0000000000000003, RDX=0x00000000eac732f8
RSP=0x0000001adc4ff7f8, RBP=0x0000000000000000, RSI=0x0000001adb6fefc0, RDI=0x00000000c60703dc
R8 =0x00000000032803a0, R9 =0x00000149db95e900, R10=0x00000000000003e0, R11=0x00000149db95e960
R12=0x0000000000000005, R13=0x00000149e21cc870, R14=0x00000000eac732f8, R15=0x00000149db95e900
RIP=0x00007ffd68e2cac8, EFLAGS=0x0000000000010206


Register to memory mapping:

RIP=0x00007ffd68e2cac8 jvm.dll
RAX=0x0000000000000001 is an unknown value
RBX=0x0049002f006d0065 is an unknown value
RCX=0x0000000000000003 is an unknown value
RDX=0x00000000eac732f8 points into unknown readable memory: 0x0049002f006d0065 | 65 00 6d 00 2f 00 49 00
RSP=0x0000001adc4ff7f8 points into unknown readable memory: 0x00007ffd694da5e1 | e1 a5 4d 69 fd 7f 00 00
RBP=0x0 is NULL
RSI=0x0000001adb6fefc0 points into unknown readable memory: 0x0000000000000008 | 08 00 00 00 00 00 00 00
RDI=0x00000000c60703dc is pointing into object: [Ljava.lang.Object; 
{0x00000000c60574f8} - klass: 'java/lang/Object'[]
 - length: 53172
R8 =0x00000000032803a0 is an unknown value
R9 =0x00000149db95e900 points into unknown readable memory: 0x00007ffd697d1db8 | b8 1d 7d 69 fd 7f 00 00
R10=0x00000000000003e0 is an unknown value
R11=0x00000149db95e960 points into unknown readable memory: 0x0000000000000000 | 00 00 00 00 00 00 00 00
R12=0x0000000000000005 is an unknown value
R13=0x00000149e21cc870 points into unknown readable memory: 0x0000000000000002 | 02 00 00 00 00 00 00 00
R14=0x00000000eac732f8 points into unknown readable memory: 0x0049002f006d0065 | 65 00 6d 00 2f 00 49 00
R15=0x00000149db95e900 points into unknown readable memory: 0x00007ffd697d1db8 | b8 1d 7d 69 fd 7f 00 00


Top of Stack: (sp=0x0000001adc4ff7f8)
0x0000001adc4ff7f8:   00007ffd694da5e1 0000000000000001
0x0000001adc4ff808:   0000000000000019 0000000000000010
0x0000001adc4ff818:   0000000000000000 000000000000000c
0x0000001adc4ff828:   0000000000000400 00000000eae60000
0x0000001adc4ff838:   0000000000001000 00000000c660a118
0x0000001adc4ff848:   0000000000000400 00000149e21cc870
0x0000001adc4ff858:   0000000000000005 0000001adb6fef68
0x0000001adc4ff868:   0000000000000020 0000001adb6fefc0
0x0000001adc4ff878:   0000000000000000 0049002f006d0065
0x0000001adc4ff888:   00007ffd694da539 0000000000000005
0x0000001adc4ff898:   0000001adb6fef68 0049002f006d0065
0x0000001adc4ff8a8:   0000000000000005 0000000000000002
0x0000001adc4ff8b8:   00007ffd694de0af 00000149db95e900
0x0000001adc4ff8c8:   00000149db95e900 0000000000000000
0x0000001adc4ff8d8:   0000001adb6fefc0 0000001adb6fee60
0x0000001adc4ff8e8:   00007ffd694de4ef 0000000000000000
0x0000001adc4ff8f8:   0000001adc4ff989 00000000c60703dd
0x0000001adc4ff908:   0000000000000001 00000149db95e900
0x0000001adc4ff918:   0000000000000002 0000000000000008
0x0000001adc4ff928:   0000001adb6fe9c8 0000000200000002
0x0000001adc4ff938:   00000149db95e900 00007ffd697d1f08
0x0000001adc4ff948:   00000149db95e900 0000001adb6fee60
0x0000001adc4ff958:   00000149e07f06d0 00000000000003d8
0x0000001adc4ff968:   00000149e07f06e0 00000149e07f0ab8
0x0000001adc4ff978:   00007ffd697d2058 0000000000000002
0x0000001adc4ff988:   0000000000000000 0000000000000001
0x0000001adc4ff998:   0000000000000001 0000000000000000
0x0000001adc4ff9a8:   0000eeba81290cb2 0000000000000000
0x0000001adc4ff9b8:   00000149e21c11a0 0000000000000000
0x0000001adc4ff9c8:   0000000000000000 0000001adb6fee60
0x0000001adc4ff9d8:   00000149e21c11a0 0000000000000000
0x0000001adc4ff9e8:   00007ffd6968226b 0000000000000003 

Instructions: (pc=0x00007ffd68e2cac8)
0x00007ffd68e2c9c8:   48 83 c4 20 5e c3 cc cc 48 8b 01 c3 cc cc cc cc
0x00007ffd68e2c9d8:   cc cc cc cc cc cc cc cc 4c 8b 01 4c 8b c9 48 8b
0x00007ffd68e2c9e8:   0d e3 60 b6 00 ba 44 60 08 00 e9 d9 f1 ff ff cc
0x00007ffd68e2c9f8:   cc cc cc cc cc cc cc cc 48 89 5c 24 08 57 48 83
0x00007ffd68e2ca08:   ec 20 48 8b 39 48 8b d9 48 85 3d 01 4a bb 00 75
0x00007ffd68e2ca18:   0e 48 8b c7 48 8b 5c 24 30 48 83 c4 20 5f c3 48
0x00007ffd68e2ca28:   8b cf e8 41 98 85 00 48 8b d0 48 85 c0 74 20 48
0x00007ffd68e2ca38:   8b c7 f0 48 0f b1 13 74 16 48 85 05 d0 49 bb 00
0x00007ffd68e2ca48:   74 0d 48 8b c8 f0 48 0f b1 13 48 3b c1 75 ea 48
0x00007ffd68e2ca58:   8b 5c 24 30 48 8b c2 48 83 c4 20 5f c3 cc cc cc
0x00007ffd68e2ca68:   cc cc cc cc cc cc cc cc 4c 8b 01 4c 8b c9 48 8b
0x00007ffd68e2ca78:   0d 53 60 b6 00 ba 64 60 08 00 e9 49 f1 ff ff cc
0x00007ffd68e2ca88:   cc cc cc cc cc cc cc cc 8b 05 62 a8 b0 00 c3 cc
0x00007ffd68e2ca98:   cc cc cc cc cc cc cc cc 0f b6 05 db 68 b7 00 48
0x00007ffd68e2caa8:   8b d1 84 c0 74 16 44 8b 41 08 8b 0d 40 a8 b0 00
0x00007ffd68e2cab8:   49 d3 e0 4c 03 05 2e a8 b0 00 eb 04 4c 8b 41 08
0x00007ffd68e2cac8:   45 8b 50 08 45 85 d2 7e 0e 41 f6 c2 01 75 53 41
0x00007ffd68e2cad8:   c1 fa 03 41 8b c2 c3 79 49 84 c0 b9 10 00 00 00
0x00007ffd68e2cae8:   8b 05 46 b7 b0 00 41 b8 0c 00 00 00 41 0f 45 c8
0x00007ffd68e2caf8:   ff c8 4c 63 c8 48 63 14 11 41 8b ca 83 e1 3f 48
0x00007ffd68e2cb08:   d3 e2 41 8b ca 48 c1 f9 10 0f b6 c1 49 8d 0c 11
0x00007ffd68e2cb18:   49 f7 d1 48 03 c1 49 c1 e9 03 48 c1 e8 03 41 23
0x00007ffd68e2cb28:   c1 c3 49 8b 00 49 8b c8 48 ff a0 00 01 00 00 cc
0x00007ffd68e2cb38:   cc cc cc cc cc cc cc cc 8b 44 24 30 45 03 c9 44
0x00007ffd68e2cb48:   2b 4c 24 28 83 c0 0b 44 03 ca 45 03 c8 41 03 c1
0x00007ffd68e2cb58:   c3 cc cc cc cc cc cc cc 4c 8b ca 48 8b d1 45 8b
0x00007ffd68e2cb68:   41 08 45 85 c0 7e 0e 41 f6 c0 01 75 56 41 c1 f8
0x00007ffd68e2cb78:   03 41 8b c0 c3 79 4c 80 3d fc 67 b7 00 00 b8 0c
0x00007ffd68e2cb88:   00 00 00 b9 10 00 00 00 0f 45 c8 8b 05 9b b6 b0
0x00007ffd68e2cb98:   00 ff c8 4c 63 c8 48 63 14 11 41 8b c8 83 e1 3f
0x00007ffd68e2cba8:   48 d3 e2 41 8b c8 48 c1 f9 10 0f b6 c1 49 8d 0c
0x00007ffd68e2cbb8:   11 49 f7 d1 48 03 c1 49 c1 e9 03 48 c1 e8 03 41 


Stack slot to memory mapping:
stack at sp + 0 slots: 0x00007ffd694da5e1 jvm.dll
stack at sp + 1 slots: 0x0000000000000001 is an unknown value
stack at sp + 2 slots: 0x0000000000000019 is an unknown value
stack at sp + 3 slots: 0x0000000000000010 is an unknown value
stack at sp + 4 slots: 0x0 is NULL
stack at sp + 5 slots: 0x000000000000000c is an unknown value
stack at sp + 6 slots: 0x0000000000000400 is an unknown value
stack at sp + 7 slots: 0x00000000eae60000 is an oop: [C 
{0x00000000eae60000} - klass: {type array char}
 - length: 97


---------------  P R O C E S S  ---------------

Threads class SMR info:
_java_thread_list=0x00000149e6b086b0, length=46, elements={
0x00000149c7b38990, 0x00000149db976630, 0x00000149db978520, 0x00000149db97c0c0,
0x00000149db97ce50, 0x00000149db97e750, 0x00000149e05fb5f0, 0x00000149e060c650,
0x00000149e0611400, 0x00000149e06124f0, 0x00000149e0712ae0, 0x00000149e0906450,
0x00000149e2579ed0, 0x00000149e24baf10, 0x00000149e28e12b0, 0x00000149e2b7f2e0,
0x00000149e2e0fea0, 0x00000149e2e01d30, 0x00000149e2dffed0, 0x00000149e2e00e00,
0x00000149e2e02750, 0x00000149e2e003e0, 0x00000149e2e02c60, 0x00000149e2e01310,
0x00000149e354a1e0, 0x00000149e3546a30, 0x00000149e35492b0, 0x00000149e3548da0,
0x00000149e35497c0, 0x00000149e354a6f0, 0x00000149e3549cd0, 0x00000149e3546f40,
0x00000149e4d63630, 0x00000149e4d672f0, 0x00000149e3548380, 0x00000149e354ca60,
0x00000149e35455f0, 0x00000149e53c8f10, 0x00000149e53cb790, 0x00000149e53cad70,
0x00000149e53cbca0, 0x00000149e53c8a00, 0x00000149e3547960, 0x00000149e3547e70,
0x00000149e3546010, 0x00000149e4d64f80
}

Java Threads: ( => current thread )
  0x00000149c7b38990 JavaThread "main" [_thread_blocked, id=23256, stack(0x0000001adb400000,0x0000001adb500000)]
  0x00000149db976630 JavaThread "Reference Handler" daemon [_thread_blocked, id=16992, stack(0x0000001adb700000,0x0000001adb800000)]
  0x00000149db978520 JavaThread "Finalizer" daemon [_thread_blocked, id=3616, stack(0x0000001adb800000,0x0000001adb900000)]
  0x00000149db97c0c0 JavaThread "Signal Dispatcher" daemon [_thread_blocked, id=19320, stack(0x0000001adb900000,0x0000001adba00000)]
  0x00000149db97ce50 JavaThread "Attach Listener" daemon [_thread_blocked, id=18984, stack(0x0000001adba00000,0x0000001adbb00000)]
  0x00000149db97e750 JavaThread "Service Thread" daemon [_thread_blocked, id=23216, stack(0x0000001adbb00000,0x0000001adbc00000)]
  0x00000149e05fb5f0 JavaThread "Monitor Deflation Thread" daemon [_thread_blocked, id=23172, stack(0x0000001adbc00000,0x0000001adbd00000)]
  0x00000149e060c650 JavaThread "C2 CompilerThread0" daemon [_thread_blocked, id=18692, stack(0x0000001adbd00000,0x0000001adbe00000)]
  0x00000149e0611400 JavaThread "C1 CompilerThread0" daemon [_thread_blocked, id=22872, stack(0x0000001adbe00000,0x0000001adbf00000)]
  0x00000149e06124f0 JavaThread "Sweeper thread" daemon [_thread_blocked, id=16944, stack(0x0000001adbf00000,0x0000001adc000000)]
  0x00000149e0712ae0 JavaThread "Common-Cleaner" daemon [_thread_blocked, id=16972, stack(0x0000001adc000000,0x0000001adc100000)]
  0x00000149e0906450 JavaThread "Notification Thread" daemon [_thread_blocked, id=8700, stack(0x0000001adc100000,0x0000001adc200000)]
  0x00000149e2579ed0 JavaThread "Active Thread: Equinox Container: 673d421c-12de-4e89-9676-ecaa4b1c4ece" [_thread_blocked, id=8556, stack(0x0000001adca00000,0x0000001adcb00000)]
  0x00000149e24baf10 JavaThread "Framework Event Dispatcher: Equinox Container: 673d421c-12de-4e89-9676-ecaa4b1c4ece" daemon [_thread_blocked, id=23364, stack(0x0000001adcb00000,0x0000001adcc00000)]
  0x00000149e28e12b0 JavaThread "Start Level: Equinox Container: 673d421c-12de-4e89-9676-ecaa4b1c4ece" daemon [_thread_blocked, id=14452, stack(0x0000001adcc00000,0x0000001adcd00000)]
  0x00000149e2b7f2e0 JavaThread "Bundle File Closer" daemon [_thread_blocked, id=8100, stack(0x0000001adce00000,0x0000001adcf00000)]
  0x00000149e2e0fea0 JavaThread "SCR Component Actor" daemon [_thread_blocked, id=16792, stack(0x0000001adcf00000,0x0000001add000000)]
  0x00000149e2e01d30 JavaThread "Worker-JM" [_thread_blocked, id=22336, stack(0x0000001add100000,0x0000001add200000)]
  0x00000149e2dffed0 JavaThread "Java indexing" daemon [_thread_blocked, id=13888, stack(0x0000001add600000,0x0000001add700000)]
  0x00000149e2e00e00 JavaThread "JNA Cleaner" daemon [_thread_blocked, id=17712, stack(0x0000001add700000,0x0000001add800000)]
  0x00000149e2e02750 JavaThread "Thread-2" daemon [_thread_blocked, id=22236, stack(0x0000001adda00000,0x0000001addb00000)]
  0x00000149e2e003e0 JavaThread "Thread-3" daemon [_thread_in_native, id=18928, stack(0x0000001addb00000,0x0000001addc00000)]
  0x00000149e2e02c60 JavaThread "Thread-4" daemon [_thread_in_native, id=22540, stack(0x0000001addc00000,0x0000001addd00000)]
  0x00000149e2e01310 JavaThread "Thread-5" daemon [_thread_in_native, id=23468, stack(0x0000001addd00000,0x0000001adde00000)]
  0x00000149e354a1e0 JavaThread "Thread-6" daemon [_thread_in_native, id=22560, stack(0x0000001adde00000,0x0000001addf00000)]
  0x00000149e3546a30 JavaThread "Thread-7" daemon [_thread_in_native, id=22084, stack(0x0000001addf00000,0x0000001ade000000)]
  0x00000149e35492b0 JavaThread "Thread-8" daemon [_thread_in_native, id=14624, stack(0x0000001ade000000,0x0000001ade100000)]
  0x00000149e3548da0 JavaThread "Thread-9" daemon [_thread_in_native, id=868, stack(0x0000001ade100000,0x0000001ade200000)]
  0x00000149e35497c0 JavaThread "Thread-10" daemon [_thread_in_native, id=17112, stack(0x0000001ade200000,0x0000001ade300000)]
  0x00000149e354a6f0 JavaThread "pool-2-thread-1" [_thread_blocked, id=23132, stack(0x0000001ade300000,0x0000001ade400000)]
  0x00000149e3549cd0 JavaThread "WorkspaceEventsHandler" [_thread_blocked, id=17116, stack(0x0000001ade400000,0x0000001ade500000)]
  0x00000149e3546f40 JavaThread "pool-1-thread-1" [_thread_blocked, id=11612, stack(0x0000001ade500000,0x0000001ade600000)]
  0x00000149e4d63630 JavaThread "Cleaner-0" daemon [_thread_blocked, id=18912, stack(0x0000001adec00000,0x0000001aded00000)]
  0x00000149e4d672f0 JavaThread "Worker-4" [_thread_blocked, id=23440, stack(0x0000001adb300000,0x0000001adb400000)]
  0x00000149e3548380 JavaThread "Java Debug Server" daemon [_thread_in_native, id=19808, stack(0x0000001ade600000,0x0000001ade700000)]
  0x00000149e354ca60 JavaThread "RxSchedulerPurge-1" daemon [_thread_blocked, id=23036, stack(0x0000001adea00000,0x0000001adeb00000)]
  0x00000149e35455f0 JavaThread "RxCachedWorkerPoolEvictor-1" daemon [_thread_blocked, id=15096, stack(0x0000001aded00000,0x0000001adee00000)]
  0x00000149e53c8f10 JavaThread "ForkJoinPool.commonPool-worker-17" daemon [_thread_blocked, id=21592, stack(0x0000001adb100000,0x0000001adb200000)]
  0x00000149e53cb790 JavaThread "ForkJoinPool.commonPool-worker-18" daemon [_thread_blocked, id=12284, stack(0x0000001adb200000,0x0000001adb300000)]
  0x00000149e53cad70 JavaThread "ForkJoinPool.commonPool-worker-19" daemon [_thread_blocked, id=6432, stack(0x0000001adc300000,0x0000001adc400000)]
  0x00000149e53cbca0 JavaThread "ForkJoinPool.commonPool-worker-20" daemon [_thread_blocked, id=22332, stack(0x0000001add000000,0x0000001add100000)]
  0x00000149e53c8a00 JavaThread "ForkJoinPool.commonPool-worker-21" daemon [_thread_blocked, id=8596, stack(0x0000001add300000,0x0000001add400000)]
  0x00000149e3547960 JavaThread "ForkJoinPool.commonPool-worker-22" daemon [_thread_blocked, id=14348, stack(0x0000001add400000,0x0000001add500000)]
  0x00000149e3547e70 JavaThread "ForkJoinPool.commonPool-worker-23" daemon [_thread_blocked, id=1908, stack(0x0000001add500000,0x0000001add600000)]
  0x00000149e3546010 JavaThread "Worker-8" [_thread_blocked, id=22620, stack(0x0000001add200000,0x0000001add300000)]
  0x00000149e4d64f80 JavaThread "pool-1-thread-10" [_thread_blocked, id=4512, stack(0x0000001add800000,0x0000001add900000)]

Other Threads:
  0x00000149e05d25d0 VMThread "VM Thread" [stack: 0x0000001adb600000,0x0000001adb700000] [id=22956]
  0x00000149e1fb8af0 WatcherThread [stack: 0x0000001adc200000,0x0000001adc300000] [id=6456]
  0x00000149c7b4c190 GCTaskThread "GC Thread#0" [stack: 0x0000001adb500000,0x0000001adb600000] [id=22568]
=>0x00000149e21c11a0 GCTaskThread "GC Thread#1" [stack: 0x0000001adc400000,0x0000001adc500000] [id=300]
  0x00000149e24f7070 GCTaskThread "GC Thread#2" [stack: 0x0000001adc500000,0x0000001adc600000] [id=21080]
  0x00000149e24f7330 GCTaskThread "GC Thread#3" [stack: 0x0000001adc600000,0x0000001adc700000] [id=3612]
  0x00000149e24f75f0 GCTaskThread "GC Thread#4" [stack: 0x0000001adc700000,0x0000001adc800000] [id=18976]
  0x00000149e24f78b0 GCTaskThread "GC Thread#5" [stack: 0x0000001adc800000,0x0000001adc900000] [id=22672]
  0x00000149e24fdb90 GCTaskThread "GC Thread#6" [stack: 0x0000001adc900000,0x0000001adca00000] [id=22664]
  0x00000149e2888690 GCTaskThread "GC Thread#7" [stack: 0x0000001adcd00000,0x0000001adce00000] [id=14924]

Threads with active compile tasks:

VM state: at safepoint (normal execution)

VM Mutex/Monitor currently owned by a thread:  ([mutex/lock_event])
[0x00000149c7b340f0] Threads_lock - owner thread: 0x00000149e05d25d0
[0x00000149c7b33c70] Heap_lock - owner thread: 0x00000149e53cb790

Heap address: 0x00000000c0000000, size: 1024 MB, Compressed Oops mode: 32-bit

CDS archive(s) not mapped
Compressed class space mapped at: 0x0000000100000000-0x0000000140000000, reserved size: 1073741824
Narrow klass base: 0x0000000000000000, Narrow klass shift: 3, Narrow klass range: 0x140000000

GC Precious Log:
 CPUs: 8 total, 8 available
 Memory: 15980M
 Large Page Support: Disabled
 NUMA Support: Disabled
 Compressed Oops: Enabled (32-bit)
 Alignments: Space 512K, Generation 512K, Heap 2M
 Heap Min Capacity: 100M
 Heap Initial Capacity: 100M
 Heap Max Capacity: 1G
 Pre-touch: Disabled
 Parallel Workers: 8

Heap:
 PSYoungGen      total 4096K, used 3920K [0x00000000eab00000, 0x00000000eb080000, 0x0000000100000000)
  eden space 2560K, 100% used [0x00000000eab00000,0x00000000ead80000,0x00000000ead80000)
  from space 1536K, 88% used [0x00000000eaf00000,0x00000000eb054010,0x00000000eb080000)
  to   space 1536K, 83% used [0x00000000ead80000,0x00000000eaec0000,0x00000000eaf00000)
 ParOldGen       total 121856K, used 104656K [0x00000000c0000000, 0x00000000c7700000, 0x00000000eab00000)
  object space 121856K, 85% used [0x00000000c0000000,0x00000000c6634118,0x00000000c7700000)
 Metaspace       used 94257K, committed 95424K, reserved 1179648K
  class space    used 9499K, committed 10048K, reserved 1048576K

Card table byte_map: [0x00000149c74b0000,0x00000149c76c0000] _byte_map_base: 0x00000149c6eb0000

Marking Bits: (ParMarkBitMap*) 0x00007ffd699bd7d0
 Begin Bits: [0x00000149d9780000, 0x00000149da780000)
 End Bits:   [0x00000149da780000, 0x00000149db780000)

Polling page: 0x00000149c72a0000

Metaspace:

Usage:
  Non-class:     82.77 MB used.
      Class:      9.28 MB used.
       Both:     92.05 MB used.

Virtual space:
  Non-class space:      128.00 MB reserved,      83.38 MB ( 65%) committed,  2 nodes.
      Class space:        1.00 GB reserved,       9.81 MB ( <1%) committed,  1 nodes.
             Both:        1.12 GB reserved,      93.19 MB (  8%) committed. 

Chunk freelists:
   Non-Class:  12.54 MB
       Class:  6.26 MB
        Both:  18.79 MB

MaxMetaspaceSize: unlimited
CompressedClassSpaceSize: 1.00 GB
Initial GC threshold: 21.00 MB
Current GC threshold: 155.31 MB
CDS: off
MetaspaceReclaimPolicy: balanced
 - commit_granule_bytes: 65536.
 - commit_granule_words: 8192.
 - virtual_space_node_default_size: 8388608.
 - enlarge_chunks_in_place: 1.
 - new_chunks_are_fully_committed: 0.
 - uncommit_free_chunks: 1.
 - use_allocation_guard: 0.
 - handle_deallocations: 1.


Internal statistics:

num_allocs_failed_limit: 9.
num_arena_births: 994.
num_arena_deaths: 288.
num_vsnodes_births: 3.
num_vsnodes_deaths: 0.
num_space_committed: 1491.
num_space_uncommitted: 0.
num_chunks_returned_to_freelist: 332.
num_chunks_taken_from_freelist: 5035.
num_chunk_merges: 123.
num_chunk_splits: 3014.
num_chunks_enlarged: 1712.
num_inconsistent_stats: 0.

CodeHeap 'non-profiled nmethods': size=120000Kb used=22802Kb max_used=22868Kb free=97197Kb
 bounds [0x00000149d2250000, 0x00000149d38e0000, 0x00000149d9780000]
CodeHeap 'profiled nmethods': size=120000Kb used=35577Kb max_used=35953Kb free=84422Kb
 bounds [0x00000149ca780000, 0x00000149ccac0000, 0x00000149d1cb0000]
CodeHeap 'non-nmethods': size=5760Kb used=1462Kb max_used=1571Kb free=4297Kb
 bounds [0x00000149d1cb0000, 0x00000149d1f20000, 0x00000149d2250000]
 total_blobs=17817 nmethods=16999 adapters=725
 compilation: enabled
              stopped_count=0, restarted_count=0
 full_count=0

Compilation events (20 events):
Event: 6711.597 Thread 0x00000149e060c650 24793       4       org.eclipse.jdt.internal.compiler.lookup.ClassScope::connectSuperInterfaces (457 bytes)
Event: 6711.613 Thread 0x00000149e060c650 nmethod 24793 0x00000149d3819c10 code [0x00000149d3819e60, 0x00000149d381ad80]
Event: 6711.613 Thread 0x00000149e060c650 24794       4       java.util.TimSort::mergeHi (732 bytes)
Event: 6711.638 Thread 0x00000149e060c650 nmethod 24794 0x00000149d288ab90 code [0x00000149d288ada0, 0x00000149d288c9d8]
Event: 6711.767 Thread 0x00000149e060c650 24795       4       org.eclipse.jdt.core.dom.ASTSyntaxErrorPropagator::checkAndTagAsMalformed (379 bytes)
Event: 6711.768 Thread 0x00000149e0611400 24797       3       org.eclipse.jdt.internal.codeassist.CompletionUnitStructureRequestor::acceptAnnotation (39 bytes)
Event: 6711.768 Thread 0x00000149e0611400 nmethod 24797 0x00000149cb4c1190 code [0x00000149cb4c1360, 0x00000149cb4c16e8]
Event: 6711.768 Thread 0x00000149e0611400 24798       3       org.eclipse.jdt.internal.codeassist.CompletionUnitStructureRequestor::createAnnotation (14 bytes)
Event: 6711.769 Thread 0x00000149e0611400 nmethod 24798 0x00000149cbe38110 code [0x00000149cbe382c0, 0x00000149cbe38568]
Event: 6711.769 Thread 0x00000149e0611400 24799       3       org.eclipse.jdt.internal.codeassist.impl.AssistAnnotation::<init> (12 bytes)
Event: 6711.769 Thread 0x00000149e0611400 nmethod 24799 0x00000149cc046510 code [0x00000149cc0466c0, 0x00000149cc0468a8]
Event: 6711.770 Thread 0x00000149e060c650 nmethod 24795 0x00000149d274cd90 code [0x00000149d274cf20, 0x00000149d274d178]
Event: 6711.770 Thread 0x00000149e060c650 24796       4       java.util.Spliterators$IntArraySpliterator::estimateSize (11 bytes)
Event: 6711.771 Thread 0x00000149e060c650 nmethod 24796 0x00000149d3434f90 code [0x00000149d3435100, 0x00000149d3435178]
Event: 6711.774 Thread 0x00000149e0611400 24800       3       com.google.gson.JsonElement::getAsJsonObject (39 bytes)
Event: 6711.775 Thread 0x00000149e0611400 nmethod 24800 0x00000149cb4c0110 code [0x00000149cb4c0380, 0x00000149cb4c0e08]
Event: 6711.777 Thread 0x00000149e0611400 24801       3       com.overzealous.remark.convert.TextCleaner::rtrim (53 bytes)
Event: 6711.777 Thread 0x00000149e0611400 nmethod 24801 0x00000149cb4bf810 code [0x00000149cb4bfa00, 0x00000149cb4bfeb8]
Event: 6712.222 Thread 0x00000149e0611400 24802       3       org.eclipse.core.internal.resources.ResourceStatus::<init> (14 bytes)
Event: 6712.223 Thread 0x00000149e0611400 nmethod 24802 0x00000149cb4bf290 code [0x00000149cb4bf440, 0x00000149cb4bf6a8]

GC Heap History (20 events):
Event: 6712.224 GC heap after
{Heap after GC invocations=5146 (full 124):
 PSYoungGen      total 2560K, used 826K [0x00000000eab00000, 0x00000000eae80000, 0x0000000100000000)
  eden space 1536K, 0% used [0x00000000eab00000,0x00000000eab00000,0x00000000eac80000)
  from space 1024K, 80% used [0x00000000eac80000,0x00000000ead4e9e0,0x00000000ead80000)
  to   space 1024K, 0% used [0x00000000ead80000,0x00000000ead80000,0x00000000eae80000)
 ParOldGen       total 121856K, used 95476K [0x00000000c0000000, 0x00000000c7700000, 0x00000000eab00000)
  object space 121856K, 78% used [0x00000000c0000000,0x00000000c5d3d0d8,0x00000000c7700000)
 Metaspace       used 94257K, committed 95424K, reserved 1179648K
  class space    used 9499K, committed 10048K, reserved 1048576K
}
Event: 6712.226 GC heap before
{Heap before GC invocations=5147 (full 124):
 PSYoungGen      total 2560K, used 2362K [0x00000000eab00000, 0x00000000eae80000, 0x0000000100000000)
  eden space 1536K, 100% used [0x00000000eab00000,0x00000000eac80000,0x00000000eac80000)
  from space 1024K, 80% used [0x00000000eac80000,0x00000000ead4e9e0,0x00000000ead80000)
  to   space 1024K, 0% used [0x00000000ead80000,0x00000000ead80000,0x00000000eae80000)
 ParOldGen       total 121856K, used 95476K [0x00000000c0000000, 0x00000000c7700000, 0x00000000eab00000)
  object space 121856K, 78% used [0x00000000c0000000,0x00000000c5d3d0d8,0x00000000c7700000)
 Metaspace       used 94257K, committed 95424K, reserved 1179648K
  class space    used 9499K, committed 10048K, reserved 1048576K
}
Event: 6712.227 GC heap after
{Heap after GC invocations=5147 (full 124):
 PSYoungGen      total 1536K, used 1024K [0x00000000eab00000, 0x00000000eb180000, 0x0000000100000000)
  eden space 512K, 0% used [0x00000000eab00000,0x00000000eab00000,0x00000000eab80000)
  from space 1024K, 100% used [0x00000000ead80000,0x00000000eae80000,0x00000000eae80000)
  to   space 2048K, 0% used [0x00000000eab80000,0x00000000eab80000,0x00000000ead80000)
 ParOldGen       total 121856K, used 96677K [0x00000000c0000000, 0x00000000c7700000, 0x00000000eab00000)
  object space 121856K, 79% used [0x00000000c0000000,0x00000000c5e694f8,0x00000000c7700000)
 Metaspace       used 94257K, committed 95424K, reserved 1179648K
  class space    used 9499K, committed 10048K, reserved 1048576K
}
Event: 6712.228 GC heap before
{Heap before GC invocations=5148 (full 124):
 PSYoungGen      total 1536K, used 1536K [0x00000000eab00000, 0x00000000eb180000, 0x0000000100000000)
  eden space 512K, 100% used [0x00000000eab00000,0x00000000eab80000,0x00000000eab80000)
  from space 1024K, 100% used [0x00000000ead80000,0x00000000eae80000,0x00000000eae80000)
  to   space 2048K, 0% used [0x00000000eab80000,0x00000000eab80000,0x00000000ead80000)
 ParOldGen       total 121856K, used 96677K [0x00000000c0000000, 0x00000000c7700000, 0x00000000eab00000)
  object space 121856K, 79% used [0x00000000c0000000,0x00000000c5e694f8,0x00000000c7700000)
 Metaspace       used 94257K, committed 95424K, reserved 1179648K
  class space    used 9499K, committed 10048K, reserved 1048576K
}
Event: 6712.229 GC heap after
{Heap after GC invocations=5148 (full 124):
 PSYoungGen      total 2560K, used 544K [0x00000000eab00000, 0x00000000eaf00000, 0x0000000100000000)
  eden space 512K, 0% used [0x00000000eab00000,0x00000000eab00000,0x00000000eab80000)
  from space 2048K, 26% used [0x00000000eab80000,0x00000000eac08000,0x00000000ead80000)
  to   space 1536K, 0% used [0x00000000ead80000,0x00000000ead80000,0x00000000eaf00000)
 ParOldGen       total 121856K, used 97733K [0x00000000c0000000, 0x00000000c7700000, 0x00000000eab00000)
  object space 121856K, 80% used [0x00000000c0000000,0x00000000c5f714f8,0x00000000c7700000)
 Metaspace       used 94257K, committed 95424K, reserved 1179648K
  class space    used 9499K, committed 10048K, reserved 1048576K
}
Event: 6712.231 GC heap before
{Heap before GC invocations=5149 (full 124):
 PSYoungGen      total 2560K, used 963K [0x00000000eab00000, 0x00000000eaf00000, 0x0000000100000000)
  eden space 512K, 81% used [0x00000000eab00000,0x00000000eab68ef8,0x00000000eab80000)
  from space 2048K, 26% used [0x00000000eab80000,0x00000000eac08000,0x00000000ead80000)
  to   space 1536K, 0% used [0x00000000ead80000,0x00000000ead80000,0x00000000eaf00000)
 ParOldGen       total 121856K, used 97733K [0x00000000c0000000, 0x00000000c7700000, 0x00000000eab00000)
  object space 121856K, 80% used [0x00000000c0000000,0x00000000c5f714f8,0x00000000c7700000)
 Metaspace       used 94257K, committed 95424K, reserved 1179648K
  class space    used 9499K, committed 10048K, reserved 1048576K
}
Event: 6712.232 GC heap after
{Heap after GC invocations=5149 (full 124):
 PSYoungGen      total 1536K, used 512K [0x00000000eab00000, 0x00000000eae00000, 0x0000000100000000)
  eden space 1024K, 0% used [0x00000000eab00000,0x00000000eab00000,0x00000000eac00000)
  from space 512K, 100% used [0x00000000ead80000,0x00000000eae00000,0x00000000eae00000)
  to   space 1024K, 0% used [0x00000000eac00000,0x00000000eac00000,0x00000000ead00000)
 ParOldGen       total 121856K, used 98221K [0x00000000c0000000, 0x00000000c7700000, 0x00000000eab00000)
  object space 121856K, 80% used [0x00000000c0000000,0x00000000c5feb4f8,0x00000000c7700000)
 Metaspace       used 94257K, committed 95424K, reserved 1179648K
  class space    used 9499K, committed 10048K, reserved 1048576K
}
Event: 6712.233 GC heap before
{Heap before GC invocations=5150 (full 124):
 PSYoungGen      total 1536K, used 1536K [0x00000000eab00000, 0x00000000eae00000, 0x0000000100000000)
  eden space 1024K, 100% used [0x00000000eab00000,0x00000000eac00000,0x00000000eac00000)
  from space 512K, 100% used [0x00000000ead80000,0x00000000eae00000,0x00000000eae00000)
  to   space 1024K, 0% used [0x00000000eac00000,0x00000000eac00000,0x00000000ead00000)
 ParOldGen       total 121856K, used 98221K [0x00000000c0000000, 0x00000000c7700000, 0x00000000eab00000)
  object space 121856K, 80% used [0x00000000c0000000,0x00000000c5feb4f8,0x00000000c7700000)
 Metaspace       used 94257K, committed 95424K, reserved 1179648K
  class space    used 9499K, committed 10048K, reserved 1048576K
}
Event: 6712.234 GC heap after
{Heap after GC invocations=5150 (full 124):
 PSYoungGen      total 2048K, used 1023K [0x00000000eab00000, 0x00000000eb080000, 0x0000000100000000)
  eden space 1024K, 0% used [0x00000000eab00000,0x00000000eab00000,0x00000000eac00000)
  from space 1024K, 99% used [0x00000000eac00000,0x00000000eacffdc0,0x00000000ead00000)
  to   space 2048K, 0% used [0x00000000eae80000,0x00000000eae80000,0x00000000eb080000)
 ParOldGen       total 121856K, used 98653K [0x00000000c0000000, 0x00000000c7700000, 0x00000000eab00000)
  object space 121856K, 80% used [0x00000000c0000000,0x00000000c60574f8,0x00000000c7700000)
 Metaspace       used 94257K, committed 95424K, reserved 1179648K
  class space    used 9499K, committed 10048K, reserved 1048576K
}
Event: 6712.236 GC heap before
{Heap before GC invocations=5151 (full 124):
 PSYoungGen      total 2048K, used 2047K [0x00000000eab00000, 0x00000000eb080000, 0x0000000100000000)
  eden space 1024K, 99% used [0x00000000eab00000,0x00000000eabffff0,0x00000000eac00000)
  from space 1024K, 99% used [0x00000000eac00000,0x00000000eacffdc0,0x00000000ead00000)
  to   space 2048K, 0% used [0x00000000eae80000,0x00000000eae80000,0x00000000eb080000)
 ParOldGen       total 121856K, used 98653K [0x00000000c0000000, 0x00000000c7700000, 0x00000000eab00000)
  object space 121856K, 80% used [0x00000000c0000000,0x00000000c60574f8,0x00000000c7700000)
 Metaspace       used 94257K, committed 95424K, reserved 1179648K
  class space    used 9499K, committed 10048K, reserved 1048576K
}
Event: 6712.237 GC heap after
{Heap after GC invocations=5151 (full 124):
 PSYoungGen      total 3072K, used 1088K [0x00000000eab00000, 0x00000000eb000000, 0x0000000100000000)
  eden space 1536K, 0% used [0x00000000eab00000,0x00000000eab00000,0x00000000eac80000)
  from space 1536K, 70% used [0x00000000eae80000,0x00000000eaf90000,0x00000000eb000000)
  to   space 1536K, 0% used [0x00000000ead00000,0x00000000ead00000,0x00000000eae80000)
 ParOldGen       total 121856K, used 99660K [0x00000000c0000000, 0x00000000c7700000, 0x00000000eab00000)
  object space 121856K, 81% used [0x00000000c0000000,0x00000000c61532b8,0x00000000c7700000)
 Metaspace       used 94257K, committed 95424K, reserved 1179648K
  class space    used 9499K, committed 10048K, reserved 1048576K
}
Event: 6712.239 GC heap before
{Heap before GC invocations=5152 (full 124):
 PSYoungGen      total 3072K, used 2616K [0x00000000eab00000, 0x00000000eb000000, 0x0000000100000000)
  eden space 1536K, 99% used [0x00000000eab00000,0x00000000eac7e1f0,0x00000000eac80000)
  from space 1536K, 70% used [0x00000000eae80000,0x00000000eaf90000,0x00000000eb000000)
  to   space 1536K, 0% used [0x00000000ead00000,0x00000000ead00000,0x00000000eae80000)
 ParOldGen       total 121856K, used 99660K [0x00000000c0000000, 0x00000000c7700000, 0x00000000eab00000)
  object space 121856K, 81% used [0x00000000c0000000,0x00000000c61532b8,0x00000000c7700000)
 Metaspace       used 94257K, committed 95424K, reserved 1179648K
  class space    used 9499K, committed 10048K, reserved 1048576K
}
Event: 6712.240 GC heap after
{Heap after GC invocations=5152 (full 124):
 PSYoungGen      total 3584K, used 1120K [0x00000000eab00000, 0x00000000eb000000, 0x0000000100000000)
  eden space 2048K, 0% used [0x00000000eab00000,0x00000000eab00000,0x00000000ead00000)
  from space 1536K, 72% used [0x00000000ead00000,0x00000000eae18010,0x00000000eae80000)
  to   space 1536K, 0% used [0x00000000eae80000,0x00000000eae80000,0x00000000eb000000)
 ParOldGen       total 121856K, used 100692K [0x00000000c0000000, 0x00000000c7700000, 0x00000000eab00000)
  object space 121856K, 82% used [0x00000000c0000000,0x00000000c62552b8,0x00000000c7700000)
 Metaspace       used 94257K, committed 95424K, reserved 1179648K
  class space    used 9499K, committed 10048K, reserved 1048576K
}
Event: 6712.242 GC heap before
{Heap before GC invocations=5153 (full 124):
 PSYoungGen      total 3584K, used 3168K [0x00000000eab00000, 0x00000000eb000000, 0x0000000100000000)
  eden space 2048K, 100% used [0x00000000eab00000,0x00000000ead00000,0x00000000ead00000)
  from space 1536K, 72% used [0x00000000ead00000,0x00000000eae18010,0x00000000eae80000)
  to   space 1536K, 0% used [0x00000000eae80000,0x00000000eae80000,0x00000000eb000000)
 ParOldGen       total 121856K, used 100692K [0x00000000c0000000, 0x00000000c7700000, 0x00000000eab00000)
  object space 121856K, 82% used [0x00000000c0000000,0x00000000c62552b8,0x00000000c7700000)
 Metaspace       used 94257K, committed 95424K, reserved 1179648K
  class space    used 9499K, committed 10048K, reserved 1048576K
}
Event: 6712.243 GC heap after
{Heap after GC invocations=5153 (full 124):
 PSYoungGen      total 3584K, used 1104K [0x00000000eab00000, 0x00000000eb080000, 0x0000000100000000)
  eden space 2048K, 0% used [0x00000000eab00000,0x00000000eab00000,0x00000000ead00000)
  from space 1536K, 71% used [0x00000000eae80000,0x00000000eaf94020,0x00000000eb000000)
  to   space 1536K, 0% used [0x00000000ead00000,0x00000000ead00000,0x00000000eae80000)
 ParOldGen       total 121856K, used 101675K [0x00000000c0000000, 0x00000000c7700000, 0x00000000eab00000)
  object space 121856K, 83% used [0x00000000c0000000,0x00000000c634ae70,0x00000000c7700000)
 Metaspace       used 94257K, committed 95424K, reserved 1179648K
  class space    used 9499K, committed 10048K, reserved 1048576K
}
Event: 6712.245 GC heap before
{Heap before GC invocations=5154 (full 124):
 PSYoungGen      total 3584K, used 3152K [0x00000000eab00000, 0x00000000eb080000, 0x0000000100000000)
  eden space 2048K, 100% used [0x00000000eab00000,0x00000000ead00000,0x00000000ead00000)
  from space 1536K, 71% used [0x00000000eae80000,0x00000000eaf94020,0x00000000eb000000)
  to   space 1536K, 0% used [0x00000000ead00000,0x00000000ead00000,0x00000000eae80000)
 ParOldGen       total 121856K, used 101675K [0x00000000c0000000, 0x00000000c7700000, 0x00000000eab00000)
  object space 121856K, 83% used [0x00000000c0000000,0x00000000c634ae70,0x00000000c7700000)
 Metaspace       used 94257K, committed 95424K, reserved 1179648K
  class space    used 9499K, committed 10048K, reserved 1048576K
}
Event: 6712.246 GC heap after
{Heap after GC invocations=5154 (full 124):
 PSYoungGen      total 3584K, used 1184K [0x00000000eab00000, 0x00000000eb080000, 0x0000000100000000)
  eden space 2048K, 0% used [0x00000000eab00000,0x00000000eab00000,0x00000000ead00000)
  from space 1536K, 77% used [0x00000000ead00000,0x00000000eae28000,0x00000000eae80000)
  to   space 1536K, 0% used [0x00000000eaf00000,0x00000000eaf00000,0x00000000eb080000)
 ParOldGen       total 121856K, used 102635K [0x00000000c0000000, 0x00000000c7700000, 0x00000000eab00000)
  object space 121856K, 84% used [0x00000000c0000000,0x00000000c643aea0,0x00000000c7700000)
 Metaspace       used 94257K, committed 95424K, reserved 1179648K
  class space    used 9499K, committed 10048K, reserved 1048576K
}
Event: 6712.248 GC heap before
{Heap before GC invocations=5155 (full 124):
 PSYoungGen      total 3584K, used 3232K [0x00000000eab00000, 0x00000000eb080000, 0x0000000100000000)
  eden space 2048K, 100% used [0x00000000eab00000,0x00000000ead00000,0x00000000ead00000)
  from space 1536K, 77% used [0x00000000ead00000,0x00000000eae28000,0x00000000eae80000)
  to   space 1536K, 0% used [0x00000000eaf00000,0x00000000eaf00000,0x00000000eb080000)
 ParOldGen       total 121856K, used 102635K [0x00000000c0000000, 0x00000000c7700000, 0x00000000eab00000)
  object space 121856K, 84% used [0x00000000c0000000,0x00000000c643aea0,0x00000000c7700000)
 Metaspace       used 94257K, committed 95424K, reserved 1179648K
  class space    used 9499K, committed 10048K, reserved 1048576K
}
Event: 6712.249 GC heap after
{Heap after GC invocations=5155 (full 124):
 PSYoungGen      total 4096K, used 1360K [0x00000000eab00000, 0x00000000eb080000, 0x0000000100000000)
  eden space 2560K, 0% used [0x00000000eab00000,0x00000000eab00000,0x00000000ead80000)
  from space 1536K, 88% used [0x00000000eaf00000,0x00000000eb054010,0x00000000eb080000)
  to   space 1536K, 0% used [0x00000000ead80000,0x00000000ead80000,0x00000000eaf00000)
 ParOldGen       total 121856K, used 103704K [0x00000000c0000000, 0x00000000c7700000, 0x00000000eab00000)
  object space 121856K, 85% used [0x00000000c0000000,0x00000000c6546118,0x00000000c7700000)
 Metaspace       used 94257K, committed 95424K, reserved 1179648K
  class space    used 9499K, committed 10048K, reserved 1048576K
}
Event: 6712.253 GC heap before
{Heap before GC invocations=5156 (full 124):
 PSYoungGen      total 4096K, used 3920K [0x00000000eab00000, 0x00000000eb080000, 0x0000000100000000)
  eden space 2560K, 100% used [0x00000000eab00000,0x00000000ead80000,0x00000000ead80000)
  from space 1536K, 88% used [0x00000000eaf00000,0x00000000eb054010,0x00000000eb080000)
  to   space 1536K, 0% used [0x00000000ead80000,0x00000000ead80000,0x00000000eaf00000)
 ParOldGen       total 121856K, used 103704K [0x00000000c0000000, 0x00000000c7700000, 0x00000000eab00000)
  object space 121856K, 85% used [0x00000000c0000000,0x00000000c6546118,0x00000000c7700000)
 Metaspace       used 94257K, committed 95424K, reserved 1179648K
  class space    used 9499K, committed 10048K, reserved 1048576K
}

Dll operation events (12 events):
Event: 0.189 Loaded shared library c:\Users\u607249\.vscode\extensions\redhat.java-1.30.0-win32-x64\jre\17.0.10-win32-x86_64\bin\java.dll
Event: 0.405 Loaded shared library c:\Users\u607249\.vscode\extensions\redhat.java-1.30.0-win32-x64\jre\17.0.10-win32-x86_64\bin\zip.dll
Event: 0.408 Loaded shared library C:\Users\u607249\.vscode\extensions\redhat.java-1.30.0-win32-x64\jre\17.0.10-win32-x86_64\bin\instrument.dll
Event: 0.455 Loaded shared library C:\Users\u607249\.vscode\extensions\redhat.java-1.30.0-win32-x64\jre\17.0.10-win32-x86_64\bin\net.dll
Event: 0.518 Loaded shared library C:\Users\u607249\.vscode\extensions\redhat.java-1.30.0-win32-x64\jre\17.0.10-win32-x86_64\bin\nio.dll
Event: 0.527 Loaded shared library C:\Users\u607249\.vscode\extensions\redhat.java-1.30.0-win32-x64\jre\17.0.10-win32-x86_64\bin\zip.dll
Event: 0.549 Loaded shared library C:\Users\u607249\.vscode\extensions\redhat.java-1.30.0-win32-x64\jre\17.0.10-win32-x86_64\bin\jimage.dll
Event: 0.653 Loaded shared library c:\Users\u607249\.vscode\extensions\redhat.java-1.30.0-win32-x64\jre\17.0.10-win32-x86_64\bin\verify.dll
Event: 1.689 Loaded shared library C:\Users\u607249\AppData\Roaming\Code\User\globalStorage\redhat.java\1.30.0\config_win\org.eclipse.equinox.launcher\org.eclipse.equinox.launcher.win32.win32.x86_64_1.2.900.v20240213-1244\eclipse_11900.dll
Event: 4.037 Loaded shared library C:\Users\u607249\AppData\Local\Temp\jna--1944260337\jna15284134362839077810.dll
Event: 9.550 Loaded shared library C:\Users\u607249\.vscode\extensions\redhat.java-1.30.0-win32-x64\jre\17.0.10-win32-x86_64\bin\sunmscapi.dll
Event: 611.298 Loaded shared library C:\Users\u607249\.vscode\extensions\redhat.java-1.30.0-win32-x64\jre\17.0.10-win32-x86_64\bin\extnet.dll

Deoptimization events (20 events):
Event: 6643.192 Thread 0x00000149e53cbca0 Uncommon trap: trap_request=0xffffff45 fr.pc=0x00000149d3899518 relative=0x0000000000000698
Event: 6643.192 Thread 0x00000149e53cbca0 Uncommon trap: reason=unstable_if action=reinterpret pc=0x00000149d3899518 method=org.eclipse.jdt.core.dom.BindingComparator.isEqual(Lorg/eclipse/jdt/internal/compiler/lookup/VariableBinding;Lorg/eclipse/jdt/internal/compiler/lookup/VariableBinding;)Z @ 4
Event: 6643.192 Thread 0x00000149e53cbca0 DEOPT PACKING pc=0x00000149d3899518 sp=0x0000001add0fe6d0
Event: 6643.192 Thread 0x00000149e53cbca0 DEOPT UNPACKING pc=0x00000149d1d066a3 sp=0x0000001add0fe610 mode 2
Event: 6644.083 Thread 0x00000149e53cbca0 DEOPT PACKING pc=0x00000149cb9b1fb2 sp=0x0000001add0fd670
Event: 6644.083 Thread 0x00000149e53cbca0 DEOPT UNPACKING pc=0x00000149d1d06e43 sp=0x0000001add0fcae8 mode 0
Event: 6644.087 Thread 0x00000149e53cbca0 Uncommon trap: trap_request=0xffffff45 fr.pc=0x00000149d3712cec relative=0x000000000000012c
Event: 6644.087 Thread 0x00000149e53cbca0 Uncommon trap: reason=unstable_if action=reinterpret pc=0x00000149d3712cec method=org.eclipse.jdt.internal.core.dom.rewrite.ASTRewriteAnalyzer.ensureSpaceBeforeReplace(Lorg/eclipse/jdt/core/dom/ASTNode;)V @ 114 c2
Event: 6644.087 Thread 0x00000149e53cbca0 DEOPT PACKING pc=0x00000149d3712cec sp=0x0000001add0fde50
Event: 6644.087 Thread 0x00000149e53cbca0 DEOPT UNPACKING pc=0x00000149d1d066a3 sp=0x0000001add0fddd0 mode 2
Event: 6644.116 Thread 0x00000149e53cbca0 Uncommon trap: trap_request=0xffffffbe fr.pc=0x00000149d381680c relative=0x0000000000002c4c
Event: 6644.116 Thread 0x00000149e53cbca0 Uncommon trap: reason=profile_predicate action=maybe_recompile pc=0x00000149d381680c method=org.eclipse.jdt.internal.core.Member.areSimilarMethods(Ljava/lang/String;[Ljava/lang/String;Ljava/lang/String;[Ljava/lang/String;[Ljava/lang/String;)Z @ 151 c2
Event: 6644.116 Thread 0x00000149e53cbca0 DEOPT PACKING pc=0x00000149d381680c sp=0x0000001add0fe4e0
Event: 6644.117 Thread 0x00000149e53cbca0 DEOPT UNPACKING pc=0x00000149d1d066a3 sp=0x0000001add0fe490 mode 2
Event: 6662.045 Thread 0x00000149e4d64f80 Uncommon trap: trap_request=0xffffffc6 fr.pc=0x00000149d2d7edf0 relative=0x00000000000002f0
Event: 6662.045 Thread 0x00000149e4d64f80 Uncommon trap: reason=bimorphic_or_optimized_type_check action=maybe_recompile pc=0x00000149d2d7edf0 method=java.util.stream.ReferencePipeline.toArray(Ljava/util/function/IntFunction;)[Ljava/lang/Object; @ 12 c2
Event: 6662.045 Thread 0x00000149e4d64f80 DEOPT PACKING pc=0x00000149d2d7edf0 sp=0x0000001ade7ff400
Event: 6662.045 Thread 0x00000149e4d64f80 DEOPT UNPACKING pc=0x00000149d1d066a3 sp=0x0000001ade7ff3a0 mode 2
Event: 6711.199 Thread 0x00000149e3546f40 DEOPT PACKING pc=0x00000149cacd57a2 sp=0x0000001ade5fe440
Event: 6711.199 Thread 0x00000149e3546f40 DEOPT UNPACKING pc=0x00000149d1d06e43 sp=0x0000001ade5fd8c0 mode 0

Classes unloaded (20 events):
Event: 5958.219 Thread 0x00000149e05d25d0 Unloading class 0x0000000100221400 'java/lang/invoke/LambdaForm$MH+0x0000000100221400'
Event: 5958.219 Thread 0x00000149e05d25d0 Unloading class 0x0000000100221000 'java/lang/invoke/LambdaForm$MH+0x0000000100221000'
Event: 5958.219 Thread 0x00000149e05d25d0 Unloading class 0x0000000100220c00 'java/lang/invoke/LambdaForm$MH+0x0000000100220c00'
Event: 5958.219 Thread 0x00000149e05d25d0 Unloading class 0x0000000100220000 'java/lang/invoke/LambdaForm$MH+0x0000000100220000'
Event: 5958.219 Thread 0x00000149e05d25d0 Unloading class 0x000000010021ec00 'java/lang/invoke/LambdaForm$MH+0x000000010021ec00'
Event: 5958.219 Thread 0x00000149e05d25d0 Unloading class 0x000000010021e400 'java/lang/invoke/LambdaForm$MH+0x000000010021e400'
Event: 5958.219 Thread 0x00000149e05d25d0 Unloading class 0x00000001001b5c00 'java/lang/invoke/LambdaForm$MH+0x00000001001b5c00'
Event: 5958.219 Thread 0x00000149e05d25d0 Unloading class 0x00000001001b5800 'java/lang/invoke/LambdaForm$MH+0x00000001001b5800'
Event: 5958.219 Thread 0x00000149e05d25d0 Unloading class 0x00000001001b5400 'java/lang/invoke/LambdaForm$MH+0x00000001001b5400'
Event: 5958.219 Thread 0x00000149e05d25d0 Unloading class 0x00000001001b5000 'java/lang/invoke/LambdaForm$MH+0x00000001001b5000'
Event: 5958.219 Thread 0x00000149e05d25d0 Unloading class 0x00000001001b4c00 'java/lang/invoke/LambdaForm$MH+0x00000001001b4c00'
Event: 5958.219 Thread 0x00000149e05d25d0 Unloading class 0x00000001001b4800 'java/lang/invoke/LambdaForm$MH+0x00000001001b4800'
Event: 5958.219 Thread 0x00000149e05d25d0 Unloading class 0x00000001001b4400 'java/lang/invoke/LambdaForm$MH+0x00000001001b4400'
Event: 5958.219 Thread 0x00000149e05d25d0 Unloading class 0x00000001001b4000 'java/lang/invoke/LambdaForm$MH+0x00000001001b4000'
Event: 5958.219 Thread 0x00000149e05d25d0 Unloading class 0x0000000100199c00 'java/lang/invoke/LambdaForm$MH+0x0000000100199c00'
Event: 5958.219 Thread 0x00000149e05d25d0 Unloading class 0x0000000100199400 'java/lang/invoke/LambdaForm$MH+0x0000000100199400'
Event: 5958.219 Thread 0x00000149e05d25d0 Unloading class 0x0000000100199000 'java/lang/invoke/LambdaForm$MH+0x0000000100199000'
Event: 5958.219 Thread 0x00000149e05d25d0 Unloading class 0x0000000100198c00 'java/lang/invoke/LambdaForm$MH+0x0000000100198c00'
Event: 5958.219 Thread 0x00000149e05d25d0 Unloading class 0x0000000100198800 'java/lang/invoke/LambdaForm$MH+0x0000000100198800'
Event: 5958.219 Thread 0x00000149e05d25d0 Unloading class 0x0000000100198000 'java/lang/invoke/LambdaForm$MH+0x0000000100198000'

Classes redefined (0 events):
No events

Internal exceptions (20 events):
Event: 6580.924 Thread 0x00000149e53cad70 Implicit null exception at 0x00000149d2cc594f to 0x00000149d2cc5a40
Event: 6589.087 Thread 0x00000149e3546f40 Exception <a 'java/lang/ArrayIndexOutOfBoundsException'{0x00000000eab02958}: Index 4126 out of bounds for length 4126> (0x00000000eab02958) 
thrown [s\src\hotspot\share\interpreter\interpreterRuntime.cpp, line 428]
Event: 6589.087 Thread 0x00000149e3546f40 Exception <a 'java/lang/ArrayIndexOutOfBoundsException'{0x00000000eab0a420}: Index 4126 out of bounds for length 4126> (0x00000000eab0a420) 
thrown [s\src\hotspot\share\interpreter\interpreterRuntime.cpp, line 428]
Event: 6589.087 Thread 0x00000149e3546f40 Exception <a 'java/lang/ArrayIndexOutOfBoundsException'{0x00000000eab0a7a8}: Index 4127 out of bounds for length 4126> (0x00000000eab0a7a8) 
thrown [s\src\hotspot\share\interpreter\interpreterRuntime.cpp, line 428]
Event: 6589.369 Thread 0x00000149e3546f40 Exception <a 'java/lang/ArrayIndexOutOfBoundsException'{0x00000000eac5ec80}> (0x00000000eac5ec80) 
thrown [s\src\hotspot\share\runtime\sharedRuntime.cpp, line 631]
Event: 6589.369 Thread 0x00000149e3546f40 Exception <a 'java/lang/ArrayIndexOutOfBoundsException'{0x00000000eac5f2b0}> (0x00000000eac5f2b0) 
thrown [s\src\hotspot\share\runtime\sharedRuntime.cpp, line 631]
Event: 6589.369 Thread 0x00000149e3546f40 Exception <a 'java/lang/ArrayIndexOutOfBoundsException'{0x00000000eac5f638}> (0x00000000eac5f638) 
thrown [s\src\hotspot\share\runtime\sharedRuntime.cpp, line 631]
Event: 6589.452 Thread 0x00000149e3546f40 Exception <a 'java/lang/ArrayIndexOutOfBoundsException'{0x00000000eacb3528}> (0x00000000eacb3528) 
thrown [s\src\hotspot\share\runtime\sharedRuntime.cpp, line 631]
Event: 6589.452 Thread 0x00000149e3546f40 Exception <a 'java/lang/ArrayIndexOutOfBoundsException'{0x00000000eacb3b58}> (0x00000000eacb3b58) 
thrown [s\src\hotspot\share\runtime\sharedRuntime.cpp, line 631]
Event: 6589.452 Thread 0x00000149e3546f40 Exception <a 'java/lang/ArrayIndexOutOfBoundsException'{0x00000000eacb3ee0}> (0x00000000eacb3ee0) 
thrown [s\src\hotspot\share\runtime\sharedRuntime.cpp, line 631]
Event: 6589.540 Thread 0x00000149e3546f40 Exception <a 'java/lang/ArrayIndexOutOfBoundsException'{0x00000000eac9a498}> (0x00000000eac9a498) 
thrown [s\src\hotspot\share\runtime\sharedRuntime.cpp, line 631]
Event: 6589.540 Thread 0x00000149e3546f40 Exception <a 'java/lang/ArrayIndexOutOfBoundsException'{0x00000000eac9aac8}> (0x00000000eac9aac8) 
thrown [s\src\hotspot\share\runtime\sharedRuntime.cpp, line 631]
Event: 6589.540 Thread 0x00000149e3546f40 Exception <a 'java/lang/ArrayIndexOutOfBoundsException'{0x00000000eac9ae50}> (0x00000000eac9ae50) 
thrown [s\src\hotspot\share\runtime\sharedRuntime.cpp, line 631]
Event: 6589.638 Thread 0x00000149e3546f40 Exception <a 'java/lang/ArrayIndexOutOfBoundsException'{0x00000000eac7f158}> (0x00000000eac7f158) 
thrown [s\src\hotspot\share\runtime\sharedRuntime.cpp, line 631]
Event: 6589.638 Thread 0x00000149e3546f40 Exception <a 'java/lang/ArrayIndexOutOfBoundsException'{0x00000000eac7f788}> (0x00000000eac7f788) 
thrown [s\src\hotspot\share\runtime\sharedRuntime.cpp, line 631]
Event: 6589.638 Thread 0x00000149e3546f40 Exception <a 'java/lang/ArrayIndexOutOfBoundsException'{0x00000000eac7fb10}> (0x00000000eac7fb10) 
thrown [s\src\hotspot\share\runtime\sharedRuntime.cpp, line 631]
Event: 6606.508 Thread 0x00000149e53cad70 Implicit null exception at 0x00000149d295cc88 to 0x00000149d295cedc
Event: 6621.754 Thread 0x00000149e3547e70 Exception <a 'java/lang/ArrayIndexOutOfBoundsException'{0x00000000eacc9720}> (0x00000000eacc9720) 
thrown [s\src\hotspot\share\runtime\sharedRuntime.cpp, line 631]
Event: 6621.754 Thread 0x00000149e3547e70 Exception <a 'java/lang/ArrayIndexOutOfBoundsException'{0x00000000eace1b40}> (0x00000000eace1b40) 
thrown [s\src\hotspot\share\runtime\sharedRuntime.cpp, line 631]
Event: 6644.116 Thread 0x00000149e53cbca0 Implicit null exception at 0x00000149d3813d60 to 0x00000149d38167e4

VM Operations (20 events):
Event: 6712.224 Executing VM operation: ParallelGCFailedAllocation done
Event: 6712.226 Executing VM operation: ParallelGCFailedAllocation
Event: 6712.227 Executing VM operation: ParallelGCFailedAllocation done
Event: 6712.228 Executing VM operation: ParallelGCFailedAllocation
Event: 6712.229 Executing VM operation: ParallelGCFailedAllocation done
Event: 6712.231 Executing VM operation: ParallelGCFailedAllocation
Event: 6712.232 Executing VM operation: ParallelGCFailedAllocation done
Event: 6712.233 Executing VM operation: ParallelGCFailedAllocation
Event: 6712.234 Executing VM operation: ParallelGCFailedAllocation done
Event: 6712.236 Executing VM operation: ParallelGCFailedAllocation
Event: 6712.237 Executing VM operation: ParallelGCFailedAllocation done
Event: 6712.239 Executing VM operation: ParallelGCFailedAllocation
Event: 6712.240 Executing VM operation: ParallelGCFailedAllocation done
Event: 6712.242 Executing VM operation: ParallelGCFailedAllocation
Event: 6712.243 Executing VM operation: ParallelGCFailedAllocation done
Event: 6712.245 Executing VM operation: ParallelGCFailedAllocation
Event: 6712.246 Executing VM operation: ParallelGCFailedAllocation done
Event: 6712.248 Executing VM operation: ParallelGCFailedAllocation
Event: 6712.249 Executing VM operation: ParallelGCFailedAllocation done
Event: 6712.253 Executing VM operation: ParallelGCFailedAllocation

Events (20 events):
Event: 6625.949 Thread 0x00000149e06124f0 flushing nmethod 0x00000149cca02e90
Event: 6625.949 Thread 0x00000149e06124f0 flushing nmethod 0x00000149cca0e990
Event: 6625.949 Thread 0x00000149e06124f0 flushing nmethod 0x00000149cca0fe10
Event: 6625.949 Thread 0x00000149e06124f0 flushing nmethod 0x00000149cca1a910
Event: 6625.949 Thread 0x00000149e06124f0 flushing nmethod 0x00000149cca1bd90
Event: 6625.949 Thread 0x00000149e06124f0 flushing nmethod 0x00000149cca27b10
Event: 6625.949 Thread 0x00000149e06124f0 flushing nmethod 0x00000149cca4bb10
Event: 6625.949 Thread 0x00000149e06124f0 flushing nmethod 0x00000149cca59f10
Event: 6625.949 Thread 0x00000149e06124f0 flushing nmethod 0x00000149cca5c990
Event: 6625.950 Thread 0x00000149e06124f0 flushing nmethod 0x00000149cca88410
Event: 6625.950 Thread 0x00000149e06124f0 flushing nmethod 0x00000149cca94390
Event: 6662.045 Thread 0x00000149e4d64f80 Thread added: 0x00000149e4d64f80
Event: 6662.045 Thread 0x00000149e4d66de0 Thread added: 0x00000149e4d66de0
Event: 6662.045 Thread 0x00000149e4d67800 Thread added: 0x00000149e4d67800
Event: 6662.045 Thread 0x00000149e4d67800 Thread exited: 0x00000149e4d67800
Event: 6662.045 Thread 0x00000149e4d66de0 Thread exited: 0x00000149e4d66de0
Event: 6662.045 Thread 0x00000149e4d64f80 Thread exited: 0x00000149e4d64f80
Event: 6694.055 Thread 0x00000149e2e03680 Thread exited: 0x00000149e2e03680
Event: 6710.967 Thread 0x00000149e354bb30 Thread exited: 0x00000149e354bb30
Event: 6711.013 Thread 0x00000149e4d64f80 Thread added: 0x00000149e4d64f80


Dynamic libraries:
0x00007ff7654b0000 - 0x00007ff7654be000 	c:\Users\u607249\.vscode\extensions\redhat.java-1.30.0-win32-x64\jre\17.0.10-win32-x86_64\bin\java.exe
0x00007ffdde010000 - 0x00007ffdde208000 	C:\WINDOWS\SYSTEM32\ntdll.dll
0x00007ffddd300000 - 0x00007ffddd3bd000 	C:\WINDOWS\System32\KERNEL32.DLL
0x00007ffddb7e0000 - 0x00007ffddbad6000 	C:\WINDOWS\System32\KERNELBASE.dll
0x00007ffddbb30000 - 0x00007ffddbc30000 	C:\WINDOWS\System32\ucrtbase.dll
0x00007ffdd4bf0000 - 0x00007ffdd4c0b000 	c:\Users\u607249\.vscode\extensions\redhat.java-1.30.0-win32-x64\jre\17.0.10-win32-x86_64\bin\VCRUNTIME140.dll
0x00007ffdd20e0000 - 0x00007ffdd20f7000 	c:\Users\u607249\.vscode\extensions\redhat.java-1.30.0-win32-x64\jre\17.0.10-win32-x86_64\bin\jli.dll
0x00007ffddd8a0000 - 0x00007ffddda3f000 	C:\WINDOWS\System32\USER32.dll
0x00007ffddaa90000 - 0x00007ffddad2a000 	C:\WINDOWS\WinSxS\amd64_microsoft.windows.common-controls_6595b64144ccf1df_6.0.19041.3636_none_60b6a03d71f818d5\COMCTL32.dll
0x00007ffddbd50000 - 0x00007ffddbd72000 	C:\WINDOWS\System32\win32u.dll
0x00007ffddd250000 - 0x00007ffddd2ee000 	C:\WINDOWS\System32\msvcrt.dll
0x00007ffddcdf0000 - 0x00007ffddce1b000 	C:\WINDOWS\System32\GDI32.dll
0x00007ffddbc30000 - 0x00007ffddbd47000 	C:\WINDOWS\System32\gdi32full.dll
0x00007ffddbf70000 - 0x00007ffddc00d000 	C:\WINDOWS\System32\msvcp_win.dll
0x00007ffddcf60000 - 0x00007ffddcf92000 	C:\WINDOWS\System32\IMM32.DLL
0x0000000063130000 - 0x00000000631a2000 	C:\WINDOWS\System32\QIPCAP64.dll
0x00007ffddc320000 - 0x00007ffddca8b000 	C:\WINDOWS\System32\SHELL32.dll
0x00007ffdddf20000 - 0x00007ffdddfd0000 	C:\WINDOWS\System32\ADVAPI32.dll
0x00007ffddc280000 - 0x00007ffddc320000 	C:\WINDOWS\System32\sechost.dll
0x00007ffddd6a0000 - 0x00007ffddd7c3000 	C:\WINDOWS\System32\RPCRT4.dll
0x00007ffddc010000 - 0x00007ffddc037000 	C:\WINDOWS\System32\bcrypt.dll
0x00007ffdda470000 - 0x00007ffdda53b000 	C:\WINDOWS\SYSTEM32\DNSAPI.dll
0x00007ffdda430000 - 0x00007ffdda46b000 	C:\WINDOWS\SYSTEM32\IPHLPAPI.DLL
0x00007ffddd160000 - 0x00007ffddd168000 	C:\WINDOWS\System32\NSI.dll
0x00007ffd9c1a0000 - 0x00007ffd9c244000 	C:\Program Files\McAfee\Endpoint Security\Threat Prevention\Ips\EpMPApi.dll
0x00000149c6e00000 - 0x00000149c6e67000 	C:\WINDOWS\System32\WINTRUST.dll
0x00007ffddbd80000 - 0x00007ffddbede000 	C:\WINDOWS\System32\CRYPT32.dll
0x00007ffddae40000 - 0x00007ffddae52000 	C:\WINDOWS\SYSTEM32\MSASN1.dll
0x0000000061290000 - 0x000000006129c000 	C:\Program Files\McAfee\Endpoint Security\Threat Prevention\Ips\EpMPThe.dll
0x00007ffd9c0d0000 - 0x00007ffd9c12c000 	C:\Program Files\McAfee\Endpoint Security\Threat Prevention\Ips\HIPHandlers64.dll
0x00007ffdddec0000 - 0x00007ffdddf15000 	C:\WINDOWS\System32\SHLWAPI.dll
0x00007ffddb0d0000 - 0x00007ffddb2b4000 	C:\WINDOWS\SYSTEM32\dbghelp.dll
0x00007ffdd3120000 - 0x00007ffdd312c000 	c:\Users\u607249\.vscode\extensions\redhat.java-1.30.0-win32-x64\jre\17.0.10-win32-x86_64\bin\vcruntime140_1.dll
0x00007ffd88530000 - 0x00007ffd885bd000 	c:\Users\u607249\.vscode\extensions\redhat.java-1.30.0-win32-x64\jre\17.0.10-win32-x86_64\bin\msvcp140.dll
0x00007ffd68e20000 - 0x00007ffd69a82000 	c:\Users\u607249\.vscode\extensions\redhat.java-1.30.0-win32-x64\jre\17.0.10-win32-x86_64\bin\server\jvm.dll
0x00007ffddb2c0000 - 0x00007ffddb30b000 	C:\WINDOWS\SYSTEM32\POWRPROF.dll
0x00007ffdc0550000 - 0x00007ffdc0577000 	C:\WINDOWS\SYSTEM32\WINMM.dll
0x00007ffdb9100000 - 0x00007ffdb9109000 	C:\WINDOWS\SYSTEM32\WSOCK32.dll
0x00007ffdd8f20000 - 0x00007ffdd8f2a000 	C:\WINDOWS\SYSTEM32\VERSION.dll
0x00000149c7230000 - 0x00000149c729b000 	C:\WINDOWS\System32\WS2_32.dll
0x00007ffddae20000 - 0x00007ffddae32000 	C:\WINDOWS\SYSTEM32\UMPDC.dll
0x00007ffdd8730000 - 0x00007ffdd8742000 	C:\WINDOWS\SYSTEM32\kernel.appcore.dll
0x00007ffdd2ed0000 - 0x00007ffdd2eda000 	c:\Users\u607249\.vscode\extensions\redhat.java-1.30.0-win32-x64\jre\17.0.10-win32-x86_64\bin\jimage.dll
0x00007ffddb010000 - 0x00007ffddb044000 	C:\WINDOWS\SYSTEM32\dbgcore.DLL
0x00007ffddbee0000 - 0x00007ffddbf62000 	C:\WINDOWS\System32\bcryptPrimitives.dll
0x00007ffdd2030000 - 0x00007ffdd203e000 	c:\Users\u607249\.vscode\extensions\redhat.java-1.30.0-win32-x64\jre\17.0.10-win32-x86_64\bin\instrument.dll
0x00007ffdb6700000 - 0x00007ffdb6725000 	c:\Users\u607249\.vscode\extensions\redhat.java-1.30.0-win32-x64\jre\17.0.10-win32-x86_64\bin\java.dll
0x00007ffdd1f60000 - 0x00007ffdd1f78000 	c:\Users\u607249\.vscode\extensions\redhat.java-1.30.0-win32-x64\jre\17.0.10-win32-x86_64\bin\zip.dll
0x00007ffdd8750000 - 0x00007ffdd8eee000 	C:\WINDOWS\SYSTEM32\windows.storage.dll
0x00007ffdda9f0000 - 0x00007ffddaa1e000 	C:\WINDOWS\SYSTEM32\Wldp.dll
0x00007ffddc0a0000 - 0x00007ffddc16d000 	C:\WINDOWS\System32\OLEAUT32.dll
0x00000149e1b80000 - 0x00000149e1ed3000 	C:\WINDOWS\System32\combase.dll
0x00007ffddc1d0000 - 0x00007ffddc27d000 	C:\WINDOWS\System32\SHCORE.dll
0x00007ffddb5f0000 - 0x00007ffddb613000 	C:\WINDOWS\SYSTEM32\profapi.dll
0x00007ffdd0370000 - 0x00007ffdd0389000 	C:\Users\u607249\.vscode\extensions\redhat.java-1.30.0-win32-x64\jre\17.0.10-win32-x86_64\bin\net.dll
0x00007ffdd4dd0000 - 0x00007ffdd4eda000 	C:\WINDOWS\SYSTEM32\WINHTTP.dll
0x00007ffdda8a0000 - 0x00007ffdda90a000 	C:\WINDOWS\system32\mswsock.dll
0x00007ffda9f10000 - 0x00007ffda9f26000 	C:\Users\u607249\.vscode\extensions\redhat.java-1.30.0-win32-x64\jre\17.0.10-win32-x86_64\bin\nio.dll
0x00007ffdd1b40000 - 0x00007ffdd1b50000 	c:\Users\u607249\.vscode\extensions\redhat.java-1.30.0-win32-x64\jre\17.0.10-win32-x86_64\bin\verify.dll
0x00007ffda4a60000 - 0x00007ffda4a9e000 	C:\Users\u607249\AppData\Roaming\Code\User\globalStorage\redhat.java\1.30.0\config_win\org.eclipse.equinox.launcher\org.eclipse.equinox.launcher.win32.win32.x86_64_1.2.900.v20240213-1244\eclipse_11900.dll
0x00007ffddd3c0000 - 0x00007ffddd4eb000 	C:\WINDOWS\System32\ole32.dll
0x00007ffddb430000 - 0x00007ffddb448000 	C:\WINDOWS\SYSTEM32\CRYPTSP.dll
0x00007ffdda0d0000 - 0x00007ffdda104000 	C:\WINDOWS\system32\rsaenh.dll
0x00007ffddb570000 - 0x00007ffddb59e000 	C:\WINDOWS\SYSTEM32\USERENV.dll
0x00007ffdda990000 - 0x00007ffdda99c000 	C:\WINDOWS\SYSTEM32\CRYPTBASE.dll
0x00007ffdd4c90000 - 0x00007ffdd4ca7000 	C:\WINDOWS\SYSTEM32\dhcpcsvc6.DLL
0x00007ffdd4c20000 - 0x00007ffdd4c3d000 	C:\WINDOWS\SYSTEM32\dhcpcsvc.DLL
0x00007ffda3ce0000 - 0x00007ffda3d25000 	C:\Users\u607249\AppData\Local\Temp\jna--1944260337\jna15284134362839077810.dll
0x00007ffddda40000 - 0x00007ffddda48000 	C:\WINDOWS\System32\PSAPI.DLL
0x00007ffdd1790000 - 0x00007ffdd179e000 	C:\Users\u607249\.vscode\extensions\redhat.java-1.30.0-win32-x64\jre\17.0.10-win32-x86_64\bin\sunmscapi.dll
0x00007ffddaa60000 - 0x00007ffddaa88000 	C:\WINDOWS\SYSTEM32\ncrypt.dll
0x00007ffddaa20000 - 0x00007ffddaa5b000 	C:\WINDOWS\SYSTEM32\NTASN1.dll
0x00007ffdd7c90000 - 0x00007ffdd7c99000 	C:\Users\u607249\.vscode\extensions\redhat.java-1.30.0-win32-x64\jre\17.0.10-win32-x86_64\bin\extnet.dll
0x00007ffdd15e0000 - 0x00007ffdd15ea000 	C:\Windows\System32\rasadhlp.dll
0x00007ffdd5040000 - 0x00007ffdd50c0000 	C:\WINDOWS\System32\fwpuclnt.dll

dbghelp: loaded successfully - version: 4.0.5 - missing functions: none
symbol engine: initialized successfully - sym options: 0x614 - pdb path: .;c:\Users\u607249\.vscode\extensions\redhat.java-1.30.0-win32-x64\jre\17.0.10-win32-x86_64\bin;C:\WINDOWS\SYSTEM32;C:\WINDOWS\WinSxS\amd64_microsoft.windows.common-controls_6595b64144ccf1df_6.0.19041.3636_none_60b6a03d71f818d5;C:\Program Files\McAfee\Endpoint Security\Threat Prevention\Ips;c:\Users\u607249\.vscode\extensions\redhat.java-1.30.0-win32-x64\jre\17.0.10-win32-x86_64\bin\server;C:\Users\u607249\AppData\Roaming\Code\User\globalStorage\redhat.java\1.30.0\config_win\org.eclipse.equinox.launcher\org.eclipse.equinox.launcher.win32.win32.x86_64_1.2.900.v20240213-1244;C:\Users\u607249\AppData\Local\Temp\jna--1944260337

VM Arguments:
jvm_args: --add-modules=ALL-SYSTEM --add-opens=java.base/java.util=ALL-UNNAMED --add-opens=java.base/java.lang=ALL-UNNAMED --add-opens=java.base/sun.nio.fs=ALL-UNNAMED -Declipse.application=org.eclipse.jdt.ls.core.id1 -Dosgi.bundles.defaultStartLevel=4 -Declipse.product=org.eclipse.jdt.ls.core.product -Djava.import.generatesMetadataFilesAtProjectRoot=false -DDetectVMInstallationsJob.disabled=true -Dfile.encoding=utf8 -XX:+UseParallelGC -XX:GCTimeRatio=4 -XX:AdaptiveSizePolicyWeight=90 -Dsun.zip.disableMemoryMapping=true -Xmx1G -Xms100m -Xlog:disable -javaagent:c:\Users\u607249\.vscode\extensions\redhat.java-1.30.0-win32-x64\lombok\lombok-1.18.32.jar -XX:+HeapDumpOnOutOfMemoryError -XX:HeapDumpPath=c:\Users\u607249\AppData\Roaming\Code\User\workspaceStorage\fb891649114358f515b12e32b5fa9115\redhat.java -Daether.dependencyCollector.impl=bf 
java_command: c:\Users\u607249\.vscode\extensions\redhat.java-1.30.0-win32-x64\server\plugins\org.eclipse.equinox.launcher_1.6.800.v20240330-1250.jar -configuration c:\Users\u607249\AppData\Roaming\Code\User\globalStorage\redhat.java\1.30.0\config_win -data c:\Users\u607249\AppData\Roaming\Code\User\workspaceStorage\fb891649114358f515b12e32b5fa9115\redhat.java\jdt_ws --pipe=\\.\pipe\lsp-3bc0e4490dde1ba0b4801ee55055130d-sock
java_class_path (initial): c:\Users\u607249\.vscode\extensions\redhat.java-1.30.0-win32-x64\server\plugins\org.eclipse.equinox.launcher_1.6.800.v20240330-1250.jar
Launcher Type: SUN_STANDARD

[Global flags]
    uintx AdaptiveSizePolicyWeight                 = 90                                        {product} {command line}
     intx CICompilerCount                          = 4                                         {product} {ergonomic}
    uintx GCTimeRatio                              = 4                                         {product} {command line}
     bool HeapDumpOnOutOfMemoryError               = true                                   {manageable} {command line}
    ccstr HeapDumpPath                             = c:\Users\u607249\AppData\Roaming\Code\User\workspaceStorage\fb891649114358f515b12e32b5fa9115\redhat.java         {manageable} {command line}
   size_t InitialHeapSize                          = 104857600                                 {product} {command line}
   size_t MaxHeapSize                              = 1073741824                                {product} {command line}
   size_t MaxNewSize                               = 357564416                                 {product} {ergonomic}
   size_t MinHeapDeltaBytes                        = 524288                                    {product} {ergonomic}
   size_t MinHeapSize                              = 104857600                                 {product} {command line}
   size_t NewSize                                  = 34603008                                  {product} {ergonomic}
    uintx NonNMethodCodeHeapSize                   = 5839372                                {pd product} {ergonomic}
    uintx NonProfiledCodeHeapSize                  = 122909434                              {pd product} {ergonomic}
   size_t OldSize                                  = 70254592                                  {product} {ergonomic}
    uintx ProfiledCodeHeapSize                     = 122909434                              {pd product} {ergonomic}
    uintx ReservedCodeCacheSize                    = 251658240                              {pd product} {ergonomic}
     bool SegmentedCodeCache                       = true                                      {product} {ergonomic}
   size_t SoftMaxHeapSize                          = 1073741824                             {manageable} {ergonomic}
     bool UseCompressedClassPointers               = true                           {product lp64_product} {ergonomic}
     bool UseCompressedOops                        = true                           {product lp64_product} {ergonomic}
     bool UseLargePagesIndividualAllocation        = false                                  {pd product} {ergonomic}
     bool UseParallelGC                            = true                                      {product} {command line}

Logging:
Log output configuration:
 #0: stdout all=off uptime,level,tags
 #1: stderr all=off uptime,level,tags

Environment Variables:
PATH=C:\zulu\bin;C:\Program Files\Common Files\Oracle\Java\javapath;C:\Program Files (x86)\Common Files\Oracle\Java\javapath;C:\WINDOWS\system32;C:\WINDOWS;C:\WINDOWS\System32\Wbem;C:\WINDOWS\System32\WindowsPowerShell\v1.0\;C:\Windows\CCM;C:\WINDOWS\System32\OpenSSH\;C:\WINDOWS\CCM;C:\Program Files\Git\cmd;C:\Program Files\nodejs\;C:\zulu\bin;C:\Program Files\sfdx\bin;C:\Program Files\sfdx\client\bin;C:\Users\u607249\AppData\Local\Programs\Microsoft VS Code\bin;C:\Users\u607249\AppData\Local\Microsoft\WindowsApps;C:\xampp\php;C:\Users\u607249\AppData\Roaming\npm;C:\Program Files\sf\bin;C:\Users\u607249\AppData\Local\GitHubDesktop\bin
USERNAME=u607249
OS=Windows_NT
PROCESSOR_IDENTIFIER=Intel64 Family 6 Model 142 Stepping 12, GenuineIntel
TMP=C:\Users\u607249\AppData\Local\Temp
TEMP=C:\Users\u607249\AppData\Local\Temp



Periodic native trim disabled


---------------  S Y S T E M  ---------------

OS:
 Windows 10 , 64 bit Build 19041 (10.0.19041.3636)
OS uptime: 0 days 2:07 hours

CPU: total 8 (initial active 8) (4 cores per cpu, 2 threads per core) family 6 model 142 stepping 12 microcode 0xd6, cx8, cmov, fxsr, ht, mmx, 3dnowpref, sse, sse2, sse3, ssse3, sse4.1, sse4.2, popcnt, lzcnt, tsc, tscinvbit, avx, avx2, aes, erms, clmul, bmi1, bmi2, adx, fma, vzeroupper, clflush, clflushopt
Processor Information for all 8 processors :
  Max Mhz: 2208, Current Mhz: 1706, Mhz Limit: 1700

Memory: 4k page, system-wide physical 15980M (9857M free)
TotalPageFile size 24684M (AvailPageFile size 14730M)
current process WorkingSet (physical memory assigned to process): 394M, peak: 429M
current process commit charge ("private bytes"): 448M, peak: 481M

vm_info: OpenJDK 64-Bit Server VM (17.0.10+7) for windows-amd64 JRE (17.0.10+7), built on Jan 16 2024 23:25:11 by "admin" with MS VC++ 16.10 / 16.11 (VS2019)

END.
